F:\nilayam pokkattiri\902 plan nabuthiri padi\902.dwg,Model,26-12-2018 06:14:58 PM,User,LBP6030w/6018w,A4,1:0.0660713,
F:\nilayam pokkattiri\902 plan nabuthiri padi\902.dwg,Model,26-12-2018 06:15:51 PM,User,Canon LBP6030/6040/6018L,A4,1:0.0660713,
F:\nilayam pokkattiri\902 plan nabuthiri padi\902.dwg,Model,26-12-2018 06:17:09 PM,User,Canon LBP6030/6040/6018L,A4,1:0.0660713,
F:\nilayam pokkattiri\902 plan nabuthiri padi\902.dwg,Model,26-12-2018 06:17:48 PM,User,Canon LBP6030/6040/6018L,A4,1:0.140263,
C:\Users\User\Google Drive\nilayam pokkattiri\897 KOKKON\897 KOKKON.dwg,Model,15-02-2019 10:54:52 AM,User,LBP6030w/6018w,A4,1:0.140263,
C:\Users\User\Google Drive\nilayam pokkattiri\897 KOKKON\897 KOKKON.dwg,Model,3/25/2019 10:34:07 AM,User,LBP6030w/6018w,A4,1:0.140263,
C:\Users\User\Google Drive\nilayam pokkattiri\892 UMMER\892_recover_recover.dwg,Model,3/25/2019 10:37:17 AM,User,LBP6030w/6018w,A4,1:0.140263,
C:\Users\User\Google Drive\nilayam pokkattiri\892 UMMER\892_recover_recover.dwg,Model,3/25/2019 10:37:37 AM,User,LBP6030w/6018w,A4,1:0.280003,
C:\Users\User\Google Drive\nilayam pokkattiri\892 UMMER\892_recover_recover.dwg,Model,3/25/2019 10:37:55 AM,User,LBP6030w/6018w,A4,1:0.280003,
C:\Users\User\Google Drive\nilayam pokkattiri\892 UMMER\892_recover_recover.dwg,Model,3/25/2019 11:56:06 AM,User,LBP6030w/6018w,A4,1:0.140263,
C:\Users\User\Google Drive\nilayam pokkattiri\892 UMMER\892_recover_recover.dwg,Model,3/25/2019 11:56:22 AM,User,LBP6030w/6018w,A4,1:0.280003,
C:\Users\User\Google Drive\nilayam pokkattiri\892 UMMER\892_recover_recover.dwg,Model,3/25/2019 11:56:40 AM,User,LBP6030w/6018w,A4,1:0.280003,
C:\Users\User\Google Drive\nilayam pokkattiri\897 KOKKON\897 KOKKON.dwg,Model,3/25/2019 11:57:33 AM,User,LBP6030w/6018w,A4,1:0.140263,
C:\Users\User\Google Drive\nilayam pokkattiri\897 KOKKON\897 KOKKON.dwg,Model,3/25/2019 11:57:49 AM,User,LBP6030w/6018w,A4,1:0.280003,
C:\Users\User\Google Drive\nilayam pokkattiri\897 KOKKON\897 KOKKON.dwg,Model,3/25/2019 11:58:04 AM,User,LBP6030w/6018w,A4,1:0.280003,
C:\Users\User\Documents\Drawing1.dwg,Model,14-Mar-20 7:06:30 PM,User,Canon LBP6030/6040/6018L,A4,1:0.0617494,
C:\Users\User\Documents\Drawing1.dwg,Model,22-Mar-20 8:11:16 PM,User,Canon LBP6030/6040/6018L,A4,1:0.0636842,
C:\Users\User\Documents\Drawing1.dwg,Model,22-Mar-20 8:11:33 PM,User,Canon LBP6030/6040/6018L,A4,1:0.0636842,
C:\Users\User\Documents\Drawing1.dwg,Model,22-Mar-20 8:11:58 PM,User,Canon LBP6030/6040/6018L,A4,1:0.0636842,
C:\Users\User\Documents\Drawing1.dwg,Model,22-Mar-20 8:12:15 PM,User,Canon LBP6030/6040/6018L,A4,1:0.0636842,
C:\Users\User\Documents\Drawing1.dwg,Model,22-Mar-20 8:12:31 PM,User,Canon LBP6030/6040/6018L,A4,1:0.0741541,
C:\Users\User\Documents\Drawing1.dwg,Model,22-Mar-20 8:12:50 PM,User,Canon LBP6030/6040/6018L,A4,1:0.0741541,
C:\Users\User\Documents\Drawing1.dwg,Model,22-Mar-20 8:13:12 PM,User,Canon LBP6030/6040/6018L,A4,1:0.0636842,
C:\Users\User\Documents\Drawing1.dwg,Model,22-Mar-20 8:16:28 PM,User,Canon LBP6030/6040/6018L,A4,1:0.0636842,
C:\Users\User\Desktop\OneDrive\nilayam pookkattiri\nilayam pokkattiri\961 mansurali\961 mansur ali.dwg,Model,23-Mar-20 5:21:24 PM,User,Canon LBP6030/6040/6018L,A4,1:0.0635982,
C:\Users\User\Desktop\OneDrive\nilayam pookkattiri\nilayam pokkattiri\961 mansurali\961 mansur ali.dwg,Model,23-Mar-20 5:22:44 PM,User,Canon LBP6030/6040/6018L,A4,1:0.140263,
C:\Users\User\Desktop\OneDrive\nilayam pookkattiri\nilayam pokkattiri\961 mansurali\961 mansur ali.dwg,Model,23-Mar-20 5:36:57 PM,User,Canon LBP6030/6040/6018L,A4,1:0.0635982,
C:\Users\User\Desktop\OneDrive\nilayam pookkattiri\nilayam pokkattiri\961 mansurali\961 mansur ali.dwg,Model,23-Mar-20 5:39:34 PM,User,Canon LBP6030/6040/6018L,A4,1:0.0635982,
C:\Users\sajad\OneDrive\nilayam pookkattiri\nilayam pokkattiri\996 assiz kareakkad\996.dwg,Model,18-08-2021 16:02:37,sajad,LBP6030w/6018w,A4,1:0.086499,
C:\Program Files\Autodesk\AutoCAD 2022\Drawing2.dwg,Model,28-08-2021 12:58:43,sajad,LBP6030w/6018w,A4,1:0.058134,
C:\Program Files\Autodesk\AutoCAD 2022\Drawing2.dwg,Model,28-08-2021 12:59:40,sajad,LBP6030w/6018w,A4,1:0.058134,
C:\Program Files\Autodesk\AutoCAD 2022\Drawing2.dwg,Model,28-08-2021 13:00:01,sajad,LBP6030w/6018w,A4,1:0.058134,
C:\Program Files\Autodesk\AutoCAD 2022\Drawing2.dwg,Model,28-08-2021 13:00:38,sajad,LBP6030w/6018w,A4,1:0.058134,
C:\Program Files\Autodesk\AutoCAD 2022\Drawing2.dwg,Model,28-08-2021 13:00:55,sajad,LBP6030w/6018w,A4,1:0.058134,
C:\Users\sajad\OneDrive\nilayam pookkattiri\nilayam pokkattiri\1072 UNNIKRISHNNAN PKT MUHAMMED ALI CAREOFF\Drawing1.dwg,Model,28/1/2022 3:58:10 pm,sajad,Canon LBP6030/6040/6018L,A4,1:0.15625,
C:\Users\sajad\OneDrive\nilayam pookkattiri\nilayam pokkattiri\1072 UNNIKRISHNNAN PKT MUHAMMED ALI CAREOFF\Drawing1.dwg,Model,28/1/2022 3:58:55 pm,sajad,Canon LBP6030/6040/6018L,A4,1:0.15625,
